<?xml version="1.0" encoding="UTF-8"?>
<testng-results total="3" passed="2" failed="1" skipped="0">
  <reporter-output>
  </reporter-output>
  <suite started-at="2020-04-26T09:45:44Z" name="Default suite" finished-at="2020-04-26T09:45:49Z" duration-ms="4699">
    <groups>
    </groups>
    <test started-at="2020-04-26T09:45:44Z" name="Default test" finished-at="2020-04-26T09:45:49Z" duration-ms="4699">
      <class name="in.ecgc.erp.hrd_emp_be.TestNGController">
        <test-method is-config="true" signature="springTestContextBeforeTestClass()[pri:0, instance:in.ecgc.erp.hrd_emp_be.TestNGController@201b6b6f]" started-at="2020-04-26T15:15:44Z" name="springTestContextBeforeTestClass" finished-at="2020-04-26T15:15:44Z" duration-ms="7" status="PASS">
          <reporter-output>
          </reporter-output>
        </test-method> <!-- springTestContextBeforeTestClass -->
        <test-method is-config="true" signature="springTestContextPrepareTestInstance()[pri:0, instance:in.ecgc.erp.hrd_emp_be.TestNGController@201b6b6f]" started-at="2020-04-26T15:15:44Z" name="springTestContextPrepareTestInstance" finished-at="2020-04-26T15:15:49Z" depends-on-methods="org.springframework.test.context.testng.AbstractTestNGSpringContextTests.springTestContextBeforeTestClass" duration-ms="4375" status="PASS">
          <reporter-output>
          </reporter-output>
        </test-method> <!-- springTestContextPrepareTestInstance -->
        <test-method is-config="true" signature="setup()[pri:0, instance:in.ecgc.erp.hrd_emp_be.TestNGController@201b6b6f]" started-at="2020-04-26T15:15:49Z" name="setup" finished-at="2020-04-26T15:15:49Z" duration-ms="14" status="PASS">
          <reporter-output>
          </reporter-output>
        </test-method> <!-- setup -->
        <test-method is-config="true" signature="springTestContextBeforeTestMethod(java.lang.reflect.Method)[pri:0, instance:in.ecgc.erp.hrd_emp_be.TestNGController@201b6b6f]" started-at="2020-04-26T15:15:49Z" name="springTestContextBeforeTestMethod" finished-at="2020-04-26T15:15:49Z" duration-ms="2" status="PASS">
          <params>
            <param index="0">
              <value>
                <![CDATA[public void in.ecgc.erp.hrd_emp_be.TestNGController.addEmployee() throws java.lang.Exception]]>
              </value>
            </param>
          </params>
          <reporter-output>
          </reporter-output>
        </test-method> <!-- springTestContextBeforeTestMethod -->
        <test-method signature="addEmployee()[pri:0, instance:in.ecgc.erp.hrd_emp_be.TestNGController@201b6b6f]" started-at="2020-04-26T15:15:49Z" name="addEmployee" finished-at="2020-04-26T15:15:49Z" duration-ms="247" status="PASS">
          <reporter-output>
          </reporter-output>
        </test-method> <!-- addEmployee -->
        <test-method is-config="true" signature="springTestContextAfterTestMethod(java.lang.reflect.Method)[pri:0, instance:in.ecgc.erp.hrd_emp_be.TestNGController@201b6b6f]" started-at="2020-04-26T15:15:49Z" name="springTestContextAfterTestMethod" finished-at="2020-04-26T15:15:49Z" duration-ms="1" status="PASS">
          <params>
            <param index="0">
              <value>
                <![CDATA[public void in.ecgc.erp.hrd_emp_be.TestNGController.addEmployee() throws java.lang.Exception]]>
              </value>
            </param>
          </params>
          <reporter-output>
          </reporter-output>
        </test-method> <!-- springTestContextAfterTestMethod -->
        <test-method is-config="true" signature="springTestContextBeforeTestMethod(java.lang.reflect.Method)[pri:0, instance:in.ecgc.erp.hrd_emp_be.TestNGController@201b6b6f]" started-at="2020-04-26T15:15:49Z" name="springTestContextBeforeTestMethod" finished-at="2020-04-26T15:15:49Z" duration-ms="1" status="PASS">
          <params>
            <param index="0">
              <value>
                <![CDATA[public void in.ecgc.erp.hrd_emp_be.TestNGController.deleteEmployee() throws java.lang.Exception]]>
              </value>
            </param>
          </params>
          <reporter-output>
          </reporter-output>
        </test-method> <!-- springTestContextBeforeTestMethod -->
        <test-method signature="deleteEmployee()[pri:0, instance:in.ecgc.erp.hrd_emp_be.TestNGController@201b6b6f]" started-at="2020-04-26T15:15:49Z" name="deleteEmployee" finished-at="2020-04-26T15:15:49Z" duration-ms="13" status="FAIL">
          <exception class="java.lang.AssertionError">
            <message>
              <![CDATA[JSON path "$" expected:<1> but was:<0>]]>
            </message>
            <full-stacktrace>
              <![CDATA[java.lang.AssertionError: JSON path "$" expected:<1> but was:<0>
	at org.springframework.test.util.AssertionErrors.fail(AssertionErrors.java:59)
	at org.springframework.test.util.AssertionErrors.assertEquals(AssertionErrors.java:122)
	at org.springframework.test.util.JsonPathExpectationsHelper.assertValue(JsonPathExpectationsHelper.java:116)
	at org.springframework.test.web.servlet.result.JsonPathResultMatchers.lambda$value$2(JsonPathResultMatchers.java:111)
	at org.springframework.test.web.servlet.MockMvc$1.andExpect(MockMvc.java:196)
	at in.ecgc.erp.hrd_emp_be.TestNGController.deleteEmployee(TestNGController.java:79)
	at java.base/jdk.internal.reflect.NativeMethodAccessorImpl.invoke0(Native Method)
	at java.base/jdk.internal.reflect.NativeMethodAccessorImpl.invoke(NativeMethodAccessorImpl.java:62)
	at java.base/jdk.internal.reflect.DelegatingMethodAccessorImpl.invoke(DelegatingMethodAccessorImpl.java:43)
	at java.base/java.lang.reflect.Method.invoke(Method.java:566)
	at org.testng.internal.MethodInvocationHelper.invokeMethod(MethodInvocationHelper.java:80)
	at org.testng.internal.MethodInvocationHelper$1.runTestMethod(MethodInvocationHelper.java:182)
	at org.springframework.test.context.testng.AbstractTestNGSpringContextTests.run(AbstractTestNGSpringContextTests.java:181)
	at java.base/jdk.internal.reflect.NativeMethodAccessorImpl.invoke0(Native Method)
	at java.base/jdk.internal.reflect.NativeMethodAccessorImpl.invoke(NativeMethodAccessorImpl.java:62)
	at java.base/jdk.internal.reflect.DelegatingMethodAccessorImpl.invoke(DelegatingMethodAccessorImpl.java:43)
	at java.base/java.lang.reflect.Method.invoke(Method.java:566)
	at org.testng.internal.MethodInvocationHelper.invokeHookable(MethodInvocationHelper.java:194)
	at org.testng.internal.Invoker.invokeMethod(Invoker.java:708)
	at org.testng.internal.Invoker.invokeTestMethod(Invoker.java:907)
	at org.testng.internal.Invoker.invokeTestMethods(Invoker.java:1237)
	at org.testng.internal.TestMethodWorker.invokeTestMethods(TestMethodWorker.java:127)
	at org.testng.internal.TestMethodWorker.run(TestMethodWorker.java:111)
	at org.testng.TestRunner.privateRun(TestRunner.java:767)
	at org.testng.TestRunner.run(TestRunner.java:617)
	at org.testng.SuiteRunner.runTest(SuiteRunner.java:334)
	at org.testng.SuiteRunner.runSequentially(SuiteRunner.java:329)
	at org.testng.SuiteRunner.privateRun(SuiteRunner.java:291)
	at org.testng.SuiteRunner.run(SuiteRunner.java:240)
	at org.testng.SuiteRunnerWorker.runSuite(SuiteRunnerWorker.java:51)
	at org.testng.SuiteRunnerWorker.run(SuiteRunnerWorker.java:85)
	at org.testng.TestNG.runSuitesSequentially(TestNG.java:1197)
	at org.testng.TestNG.runSuitesLocally(TestNG.java:1122)
	at org.testng.TestNG.run(TestNG.java:1030)
	at org.testng.remote.AbstractRemoteTestNG.run(AbstractRemoteTestNG.java:115)
	at org.testng.remote.RemoteTestNG.initAndRun(RemoteTestNG.java:251)
	at org.testng.remote.RemoteTestNG.main(RemoteTestNG.java:77)
]]>
            </full-stacktrace>
          </exception> <!-- java.lang.AssertionError -->
          <reporter-output>
          </reporter-output>
        </test-method> <!-- deleteEmployee -->
        <test-method is-config="true" signature="springTestContextAfterTestMethod(java.lang.reflect.Method)[pri:0, instance:in.ecgc.erp.hrd_emp_be.TestNGController@201b6b6f]" started-at="2020-04-26T15:15:49Z" name="springTestContextAfterTestMethod" finished-at="2020-04-26T15:15:49Z" duration-ms="1" status="PASS">
          <params>
            <param index="0">
              <value>
                <![CDATA[public void in.ecgc.erp.hrd_emp_be.TestNGController.deleteEmployee() throws java.lang.Exception]]>
              </value>
            </param>
          </params>
          <reporter-output>
          </reporter-output>
        </test-method> <!-- springTestContextAfterTestMethod -->
        <test-method is-config="true" signature="springTestContextBeforeTestMethod(java.lang.reflect.Method)[pri:0, instance:in.ecgc.erp.hrd_emp_be.TestNGController@201b6b6f]" started-at="2020-04-26T15:15:49Z" name="springTestContextBeforeTestMethod" finished-at="2020-04-26T15:15:49Z" duration-ms="0" status="PASS">
          <params>
            <param index="0">
              <value>
                <![CDATA[public void in.ecgc.erp.hrd_emp_be.TestNGController.viewAllEmployees()]]>
              </value>
            </param>
          </params>
          <reporter-output>
          </reporter-output>
        </test-method> <!-- springTestContextBeforeTestMethod -->
        <test-method signature="viewAllEmployees()[pri:0, instance:in.ecgc.erp.hrd_emp_be.TestNGController@201b6b6f]" started-at="2020-04-26T15:15:49Z" name="viewAllEmployees" finished-at="2020-04-26T15:15:49Z" duration-ms="26" status="PASS">
          <reporter-output>
          </reporter-output>
        </test-method> <!-- viewAllEmployees -->
        <test-method is-config="true" signature="springTestContextAfterTestClass()[pri:0, instance:in.ecgc.erp.hrd_emp_be.TestNGController@201b6b6f]" started-at="2020-04-26T15:15:49Z" name="springTestContextAfterTestClass" finished-at="2020-04-26T15:15:49Z" duration-ms="2" status="PASS">
          <reporter-output>
          </reporter-output>
        </test-method> <!-- springTestContextAfterTestClass -->
        <test-method is-config="true" signature="springTestContextAfterTestMethod(java.lang.reflect.Method)[pri:0, instance:in.ecgc.erp.hrd_emp_be.TestNGController@201b6b6f]" started-at="2020-04-26T15:15:49Z" name="springTestContextAfterTestMethod" finished-at="2020-04-26T15:15:49Z" duration-ms="0" status="PASS">
          <params>
            <param index="0">
              <value>
                <![CDATA[public void in.ecgc.erp.hrd_emp_be.TestNGController.viewAllEmployees()]]>
              </value>
            </param>
          </params>
          <reporter-output>
          </reporter-output>
        </test-method> <!-- springTestContextAfterTestMethod -->
      </class> <!-- in.ecgc.erp.hrd_emp_be.TestNGController -->
    </test> <!-- Default test -->
  </suite> <!-- Default suite -->
</testng-results>
